<?xml version="1.0" encoding="UTF-8"?>
<testsuite name="edu.bsu.cs222.model.TestTeamList" tests="1" skipped="0" failures="0" errors="0" timestamp="2020-04-19T20:32:17" hostname="LAPTOP-MB96NKHH" time="0.248">
  <properties/>
  <testcase name="testGetTeamList()" classname="edu.bsu.cs222.model.TestTeamList" time="0.248"/>
  <system-out><![CDATA[]]></system-out>
  <system-err><![CDATA[SLF4J: Failed to load class "org.slf4j.impl.StaticLoggerBinder".
SLF4J: Defaulting to no-operation (NOP) logger implementation
SLF4J: See http://www.slf4j.org/codes.html#StaticLoggerBinder for further details.
]]></system-err>
</testsuite>
